SLEUTH EMBEDDED UNORDERED testcase.asc 0.8 2 2 [1,3,3,0.002,0] [2,9,7,0,0] [3,38,11,0,0] [4,60,11,0,0] [5,53,5,0,0] [6,16,1,0,0] [7,2,0,0,0] [SUM:181,38,0.002] 0.007
SLEUTH EMBEDDED UNORDERED testcase.asc 0.8 2 2 [1,3,3,0.006,0] [2,9,7,0.001,0] [3,38,11,0.001,0] [4,60,11,0.001,0] [5,53,5,0,0] [6,16,1,0,0] [7,2,0,0,0] [SUM:181,38,0.009] 0.065
SLEUTH EMBEDDED UNORDERED testcase.asc 0.8 2 2 [1,3,3,0.006,0] [2,9,7,0,0] [3,38,11,0,0] [4,60,11,0,0] [5,53,5,0.001,0] [6,16,1,0,0] [7,2,0,0,0] [SUM:181,38,0.007] 0.067
SLEUTH EMBEDDED UNORDERED testcase.asc 0.8 2 2 [1,3,3,0,0] [2,9,7,0,0] [3,38,11,0.001,0] [4,60,11,0,0] [5,53,5,0,0] [6,16,1,0,0] [7,2,0,0,0] [SUM:181,38,0.001] 0.002
SLEUTH EMBEDDED UNORDERED testcase.asc 0.8 2 2 [1,3,3,0.001,0] [2,9,7,0,0] [3,38,11,0.001,0] [4,60,11,0,0] [5,53,5,0,0] [6,16,1,0,0] [7,2,0,0,0] [SUM:181,38,0.002] 0.003
SLEUTH EMBEDDED UNORDERED input.txt 0.8 2 2 [1,3,3,0.002,0] [2,9,7,0,0] [3,38,11,0,0] [4,60,11,0,0] [5,53,5,0,0] [6,16,1,0,0] [7,2,0,0,0] [SUM:181,38,0.002] 0.007
SLEUTH EMBEDDED UNORDERED input.txt 0.8 2 2 [1,3,3,0.006,0] [2,9,7,0,0] [3,38,11,0,0] [4,60,11,0,0] [5,53,5,0,0] [6,16,1,0,0] [7,2,0,0,0] [SUM:181,38,0.006] 0.062
SLEUTH EMBEDDED UNORDERED input.txt 0.8 2 2 [1,3,3,0,0] [2,9,7,0.001,0] [3,38,11,0,0] [4,60,11,0,0] [5,53,5,0,0] [6,16,1,0,0] [7,2,0,0,0] [SUM:181,38,0.001] 0.003
SLEUTH EMBEDDED UNORDERED input.txt 0.8 2 2 [1,3,3,0,0] [2,9,7,0.001,0] [3,38,11,0.001,0] [4,60,11,0,0] [5,53,5,0,0] [6,16,1,0,0] [7,2,0,0,0] [SUM:181,38,0.002] 0.002
SLEUTH EMBEDDED UNORDERED input.txt 0.8 2 2 [1,3,3,0,0] [2,9,7,0,0] [3,38,11,0,0] [4,60,11,0,0] [5,53,5,0,0] [6,16,1,0,0] [7,2,0,0,0] [SUM:181,38,0] 0.001
SLEUTH EMBEDDED UNORDERED input.txt 0.8 2 2 [1,3,3,0,0] [2,9,7,0,0] [3,38,11,0.001,0] [4,60,11,0,0] [5,53,5,0,0] [6,16,1,0,0] [7,2,0,0,0] [SUM:181,38,0.001] 0.001
SLEUTH EMBEDDED UNORDERED input.txt 0.8 2 2 [1,3,3,0,0] [2,9,7,0,0] [3,38,11,0,0] [4,60,11,0,0] [5,53,5,0,0] [6,16,1,0,0] [7,2,0,0,0] [SUM:181,38,0] 0.002
SLEUTH EMBEDDED UNORDERED input.txt 0.8 2 2 [1,3,3,0.001,0] [2,9,7,0,0] [3,38,11,0.001,0] [4,60,11,0,0] [5,53,5,0,0] [6,16,1,0,0] [7,2,0,0,0] [SUM:181,38,0.002] 0.002
SLEUTH EMBEDDED UNORDERED input.txt 0.8 99 79 [1,12965,1,0,0] [2,1,0,0,0] [SUM:12966,1,0] 0
SLEUTH EMBEDDED UNORDERED input.txt 0.8 99 79 [1,12965,1,0,0] [2,1,0,0.0156,0] [SUM:12966,1,0.0156] 0.0156
SLEUTH EMBEDDED UNORDERED input.txt 0.8 99 79 [1,12965,1,0.0156,0] [2,1,0,0,0] [SUM:12966,1,0.0156] 0.0156
SLEUTH EMBEDDED UNORDERED input.txt 0.8 99 79 [1,12965,1,0.0156,0] [2,1,0,0,0] [SUM:12966,1,0.0156] 0.0156
SLEUTH EMBEDDED UNORDERED input.txt 0.5 99 50 [1,12965,1,0.0156,0] [2,1,0,0,0] [SUM:12966,1,0.0156] 0.0156
SLEUTH EMBEDDED UNORDERED input.txt 0.45 99 45 [1,12965,1,0,0] [2,1,0,0.0156,0] [SUM:12966,1,0.0156] 0.0156
SLEUTH EMBEDDED UNORDERED input.txt 0.3 99 30 [1,12965,9,0.0156,0] [2,81,11,0.0156,0] [3,134,5,0,0] [4,13,1,0,0] [5,2,0,0,0] [SUM:13195,26,0.0312] 0.0468
SLEUTH EMBEDDED UNORDERED input.txt 0.3 99 30 [1,12965,9,0,0] [2,81,11,0.0156,0] [3,134,5,0,0] [4,13,1,0,0] [5,2,0,0,0] [SUM:13195,26,0.0156] 0.0156
SLEUTH EMBEDDED UNORDERED input.txt 0.8 99 79 [1,12965,1,0.0156,0] [2,1,0,0,0] [SUM:12966,1,0.0156] 0.0156
SLEUTH EMBEDDED UNORDERED input.txt 0.25 99 25 [1,12965,26,0,0] [2,676,34,0.0156,0] [3,1012,53,0.0156,0] [4,474,43,0,0] [5,224,20,0,0] [6,80,6,0,0] [7,20,1,0,0] [8,2,0,0,0] [SUM:15453,183,0.0312] 0.1092
SLEUTH EMBEDDED UNORDERED input.txt 0.25 99 25 [1,12965,26,0.005,0] [2,676,34,0.005,0] [3,1012,53,0.005,0] [4,474,43,0,0] [5,224,20,0.005,0] [6,80,6,0,0] [7,20,1,0,0] [8,2,0,0.005,0] [SUM:15453,183,0.025] 0.095
SLEUTH EMBEDDED UNORDERED input.txt 0.8 99 79 [1,12965,1,0.002999,0] [2,1,0,0.003,0] [SUM:12966,1,0.005999] 0.007
SLEUTH EMBEDDED UNORDERED input.txt 0.8 2 2 [1,3,3,0,0] [2,9,7,0,0] [3,38,11,0,0] [4,60,11,0,0] [5,53,5,0,0] [6,16,1,0,0] [7,2,0,0,0] [SUM:181,38,0] 0.001001
SLEUTH EMBEDDED UNORDERED input.txt 0.8 2 2 [1,3,3,0,0] [2,9,7,0,0] [3,38,11,0,0] [4,60,11,0,0] [5,53,5,0,0] [6,16,1,0,0] [7,2,0,0,0] [SUM:181,38,0] 0.001
SLEUTH EMBEDDED UNORDERED input.txt 0.8 2 2 [1,3,3,0,0] [2,9,7,0,0] [3,38,11,0,0] [4,60,11,0,0] [5,53,5,0,0] [6,16,1,0,0] [7,2,0,0,0] [SUM:181,38,0] 0.001001
SLEUTH EMBEDDED UNORDERED input.txt 0.8 2 2 [1,3,3,0,0] [2,9,7,0,0] [3,38,11,0,0] [4,60,11,0,0] [5,53,5,0,0] [6,16,1,0,0] [7,2,0,0,0] [SUM:181,38,0] 0
SLEUTH EMBEDDED UNORDERED input.txt 0.8 2 2 [1,3,3,0,0] [2,9,7,0,0] [3,38,11,0,0] [4,60,11,0,0] [5,53,5,0,0] [6,16,1,0,0] [7,2,0,0,0] [SUM:181,38,0] 0.000999
SLEUTH INDUCED UNORDERED input.txt 0.8 2 2 [1,3,3,0,0] [2,9,5,0,0] [3,26,5,0,0] [4,29,5,0,0] [5,25,3,0,0] [6,10,1,0,0] [7,2,0,0,0] [SUM:104,22,0] 0.001
SLEUTH INDUCED UNORDERED input.txt 0.8 2 2 [1,3,3,0,0] [2,9,5,0,0] [3,26,5,0,0] [4,29,5,0,0] [5,25,3,0,0] [6,10,1,0,0] [7,2,0,0,0] [SUM:104,22,0] 0
SLEUTH INDUCED UNORDERED input.txt 0.8 2 2 [1,3,3,0.001001,0] [2,9,5,0,0] [3,26,5,0,0] [4,29,5,0,0] [5,25,3,0,0] [6,10,1,0,0] [7,2,0,0,0] [SUM:104,22,0.001001] 0.001001
SLEUTH INDUCED UNORDERED input.txt 0.8 2 2 [1,3,3,0,0] [2,9,5,0,0] [3,26,5,0,0] [4,29,5,0,0] [5,25,3,0,0] [6,10,1,0,0] [7,2,0,0,0] [SUM:104,22,0] 0.001
SLEUTH INDUCED UNORDERED input.txt 0.8 2 2 [1,3,3,0.001,0] [2,9,5,0,0] [3,26,5,0,0] [4,29,5,0,0] [5,25,3,0,0] [6,10,1,0,0] [7,2,0,0,0] [SUM:104,22,0.001] 0.002
SLEUTH EMBEDDED ORDERED input.txt 0.8 2 2 [1,3,3,0,0] [2,9,7,0,0] [3,38,9,0,0] [4,40,3,0,0] [5,6,0,0,0] [SUM:96,22,0] 0.001
SLEUTH EMBEDDED ORDERED input.txt 0.8 2 2 [1,3,3,0,0] [2,9,7,0,0] [3,38,9,0,0] [4,40,3,0,0] [5,6,0,0,0] [SUM:96,22,0] 0
SLEUTH INDUCED UNORDERED input.txt 0.8 2 2 [1,3,3,0,0] [2,9,5,0,0] [3,26,5,0,0] [4,29,5,0,0] [5,25,3,0,0] [6,10,1,0,0] [7,2,0,0,0] [SUM:104,22,0] 0.001
SLEUTH EMBEDDED UNORDERED input.txt 0.8 2 2 [1,3,3,0,0] [2,9,7,0,0] [3,38,11,0,0] [4,60,11,0,0] [5,53,5,0,0] [6,16,1,0,0] [7,2,0,0,0] [SUM:181,38,0] 0.001
SLEUTH INDUCED UNORDERED input.txt 0.8 2 2 [1,3,3,0,0] [2,9,5,0,0] [3,26,5,0,0] [4,29,5,0,0] [5,25,3,0,0] [6,10,1,0,0] [7,2,0,0,0] [SUM:104,22,0] 0.002
SLEUTH EMBEDDED UNORDERED input.txt 0.8 2 2 [1,3,3,0,0] [2,9,7,0,0] [3,38,11,0,0] [4,60,11,0,0] [5,53,5,0,0] [6,16,1,0,0] [7,2,0,0,0] [SUM:181,38,0] 0.000999
SLEUTH INDUCED ORDERED input.txt 0.8 2 2 [1,3,3,0,0] [2,9,5,0,0] [3,26,3,0,0] [4,14,1,0,0] [5,2,0,0,0] [SUM:54,12,0] 0
SLEUTH INDUCED UNORDERED input.txt 0.8 2 2 [1,3,3,0,0] [2,9,5,0,0] [3,26,5,0,0] [4,29,5,0,0] [5,25,3,0,0] [6,10,1,0,0] [7,2,0,0,0] [SUM:104,22,0] 0.001
SLEUTH INDUCED UNORDERED input.txt 0.8 2 2 [1,3,3,0,0] [2,9,5,0,0] [3,26,5,0,0] [4,29,5,0,0] [5,25,3,0,0] [6,10,1,0,0] [7,2,0,0,0] [SUM:104,22,0] 0
SLEUTH INDUCED UNORDERED input.txt 0.8 2 2 [1,3,3,0,0] [2,9,5,0,0] [3,26,5,0.001,0] [4,29,5,0,0] [5,25,3,0,0] [6,10,1,0,0] [7,2,0,0,0] [SUM:104,22,0.001] 0.001
SLEUTH INDUCED UNORDERED input.txt 0.8 2 2 [1,3,3,0,0] [2,9,5,0,0] [3,26,5,0,0] [4,29,5,0,0] [5,25,3,0,0] [6,10,1,0,0] [7,2,0,0,0] [SUM:104,22,0] 0.001
SLEUTH INDUCED UNORDERED input.txt 0.5 2 1 [1,3,3,0,0] [2,9,6,0,0] [3,32,7,0,0] [4,41,8,0.001,0] [5,49,7,0,0] [6,36,4,0,0] [7,13,1,0,0] [8,2,0,0,0] [SUM:185,36,0.001] 0.001
SLEUTH INDUCED UNORDERED input.txt 0.8 2 2 [1,3,3,0,0] [2,9,5,0.001,0] [3,26,5,0,0] [4,29,5,0,0] [5,25,3,0,0] [6,10,1,0,0] [7,2,0,0,0] [SUM:104,22,0.001] 0.001
SLEUTH EMBEDDED UNORDERED input.txt 0.8 2 2 [1,3,3,0,0] [2,9,7,0,0] [3,38,11,0,0] [4,60,11,0,0] [5,53,5,0,0] [6,16,1,0,0] [7,2,0,0,0] [SUM:181,38,0] 0
SLEUTH INDUCED UNORDERED input.txt 0.8 2 2 [1,3,3,0,0] [2,9,5,0,0] [3,26,5,0,0] [4,29,5,0,0] [5,25,3,0,0] [6,10,1,0,0] [7,2,0,0,0] [SUM:104,22,0] 0.001
SLEUTH INDUCED ORDERED input.txt 0.8 2 2 [1,3,3,0,0] [2,9,5,0,0] [3,26,3,0,0] [4,14,1,0,0] [5,2,0,0,0] [SUM:54,12,0] 0
SLEUTH INDUCED ORDERED input.txt 0.5 2 1 [1,3,3,0,0] [2,9,6,0,0] [3,32,9,0,0] [4,47,12,0,0] [5,52,10,0,0] [6,26,5,0,0] [7,11,1,0,0] [8,2,0,0,0] [SUM:182,46,0] 0
SLEUTH INDUCED ORDERED input.txt 0.8 2211 1769 [1,6260,7,0.051003,0] [2,49,3,0.169011,0] [3,12,0,0.356021,0] [SUM:6321,10,0.576035] 13.1647
SLEUTH INDUCED ORDERED input.txt 0.8 2211 1769 [1,6260,7,0.051002,0] [2,49,3,0.169009,0] [3,12,0,0.355021,0] [SUM:6321,10,0.575032] 13.0237
SLEUTH INDUCED ORDERED input.txt 0.5 2211 1106 [1,6260,14,0.051003,0] [2,196,16,0.284018,0] [3,242,13,2.22913,0] [4,142,5,5.91234,0] [5,38,1,3.36319,0] [6,4,0,0.677039,0] [SUM:6882,49,12.5167] 112.197
SLEUTH INDUCED ORDERED input.txt 0.5 2211 1106 [1,6260,14,0.050002,0] [2,196,16,0.284016,0] [3,242,13,2.22413,0] [4,142,5,5.86533,0] [5,38,1,3.34919,0] [6,4,0,0.679038,0] [SUM:6882,49,12.4517] 106.969
SLEUTH INDUCED ORDERED input.txt 0.3 2211 663 [1,6260,27,0.052004,0] [2,729,29,0.389021,0] [3,836,44,3.78221,0] [4,1259,32,36.658,0] [5,597,13,120.456,0] [6,90,6,5.81732,0] [7,30,0,4.72826,0] [SUM:9801,151,171.883] 522.434
SLEUTH INDUCED ORDERED input.txt 0.5 2211 1106 [1,6260,14,0.049602,0] [2,196,16,0.311048,0] [3,242,13,2.17187,0] [4,142,5,5.83769,0] [5,38,1,3.35945,0] [6,4,0,0.65625,0] [SUM:6882,49,12.3859] 108.736
SLEUTH INDUCED ORDERED input.txt 0.5 5 3 [1,103,19,0.001001,0] [2,361,24,0,0] [3,516,34,0.002989,0] [4,608,36,0.008025,0] [5,488,38,0.006977,0] [6,456,36,0.008028,0] [7,415,27,0.00301,0] [8,244,16,0.002998,0] [9,76,6,0.001015,0] [10,12,1,0,0] [11,2,0,0,0] [SUM:3281,237,0.034043] 0.930662
SLEUTH INDUCED ORDERED input.txt 0.5 5 3 [1,103,19,0,0] [2,361,24,0,0] [3,516,34,0.001,0] [4,608,36,0.004003,0] [5,488,38,0.003003,0] [6,456,36,0.004977,0] [7,415,27,0.004006,0] [8,244,16,0.001,0] [9,76,6,0.001,0] [10,12,1,0,0] [11,2,0,0,0] [SUM:3281,237,0.018989] 0.937887
SLEUTH INDUCED ORDERED input.txt 0.5 5 3 [1,103,19,0,0] [2,361,24,0.001011,0] [3,516,34,0.004996,0] [4,608,36,0.007019,0] [5,488,38,0.005012,0] [6,456,36,0.008976,0] [7,415,27,0.003007,0] [8,244,16,0.002992,0] [9,76,6,0,0] [10,12,1,0,0] [11,2,0,0,0] [SUM:3281,237,0.033013] 0.949122
SLEUTH INDUCED ORDERED input.txt 0.5 5 3 [1,103,19,0,0] [2,361,24,0,0] [3,516,34,0,0] [4,608,36,0.031251,0] [5,488,38,0,0] [6,456,36,0.031468,0] [7,415,27,0.016626,0] [8,244,16,0,0] [9,76,6,0,0] [10,12,1,0,0] [11,2,0,0,0] [SUM:3281,237,0.079345] 1.9401
SLEUTH INDUCED ORDERED input.txt 0.5 5 3 [1,103,19,0,0] [2,361,24,0,0] [3,516,34,0,0] [4,608,36,0.03125,0] [5,488,38,0.015625,0] [6,456,36,0.016624,0] [7,415,27,0.001,0] [8,244,16,0.016626,0] [9,76,6,0.015626,0] [10,12,1,0,0] [11,2,0,0,0] [SUM:3281,237,0.096751] 1.92945
SLEUTH EMBEDDED UNORDERED testcase.asc 0.5 2 1 [1,3,3,0,0] [2,9,7,0,0] [3,38,12,0,0] [4,70,16,0,0] [5,93,14,0,0] [6,69,6,0,0] [7,19,1,0,0] [8,2,0,0,0] [SUM:303,59,0] 0
SLEUTH EMBEDDED UNORDERED testcase.asc 0.5 2 1 [1,3,3,0,0] [2,9,7,0,0] [3,38,12,0,0] [4,70,16,0,0] [5,93,14,0,0] [6,69,6,0,0] [7,19,1,0,0] [8,2,0,0,0] [SUM:303,59,0] 0.015626
SLEUTH INDUCED ORDERED input.txt 0.5 5 3 [1,103,19,0,0] [2,361,24,0,0] [3,516,34,0.016626,0] [4,608,36,0,0] [5,488,38,0.032248,0] [6,456,36,0.002,0] [7,415,27,0.015625,0] [8,244,16,0.001,0] [9,76,6,0.001,0] [10,12,1,0,0] [11,2,0,0,0] [SUM:3281,237,0.068499] 1.93988
